::1 - - [26/Jun/2017:18:49:33 +0000] "GET / HTTP/1.1" 304 -
::1 - - [26/Jun/2017:18:49:33 +0000] "GET /styles.css HTTP/1.1" 304 -
::1 - - [26/Jun/2017:18:49:37 +0000] "POST / HTTP/1.1" 200 841
::1 - - [26/Jun/2017:18:49:37 +0000] "GET /styles.css HTTP/1.1" 304 -
::1 - - [26/Jun/2017:18:49:41 +0000] "POST /game HTTP/1.1" 200 858
::1 - - [26/Jun/2017:18:49:41 +0000] "GET /styles.css HTTP/1.1" 304 -
::1 - - [26/Jun/2017:18:49:42 +0000] "POST /game HTTP/1.1" 200 875
::1 - - [26/Jun/2017:18:49:42 +0000] "GET /styles.css HTTP/1.1" 304 -
::1 - - [26/Jun/2017:18:49:42 +0000] "POST /game HTTP/1.1" 200 892
::1 - - [26/Jun/2017:18:49:42 +0000] "GET /styles.css HTTP/1.1" 304 -
::1 - - [26/Jun/2017:18:49:43 +0000] "POST /game HTTP/1.1" 200 909
::1 - - [26/Jun/2017:18:49:43 +0000] "GET /styles.css HTTP/1.1" 304 -
::1 - - [26/Jun/2017:18:49:44 +0000] "POST /game HTTP/1.1" 200 926
::1 - - [26/Jun/2017:18:49:44 +0000] "GET /styles.css HTTP/1.1" 304 -
::1 - - [26/Jun/2017:18:49:44 +0000] "POST /game HTTP/1.1" 200 943
::1 - - [26/Jun/2017:18:49:44 +0000] "GET /styles.css HTTP/1.1" 304 -
::1 - - [26/Jun/2017:18:49:45 +0000] "POST /game HTTP/1.1" 200 960
::1 - - [26/Jun/2017:18:49:45 +0000] "GET /styles.css HTTP/1.1" 304 -
::1 - - [26/Jun/2017:18:49:46 +0000] "POST /game HTTP/1.1" 200 495
::1 - - [26/Jun/2017:18:49:46 +0000] "GET /styles.css HTTP/1.1" 304 -
::1 - - [26/Jun/2017:18:49:48 +0000] "POST /reset HTTP/1.1" 302 46
::1 - - [26/Jun/2017:18:49:48 +0000] "GET / HTTP/1.1" 200 736
::1 - - [26/Jun/2017:18:49:48 +0000] "GET /styles.css HTTP/1.1" 304 -
::1 - - [26/Jun/2017:18:49:51 +0000] "POST / HTTP/1.1" 200 880
::1 - - [26/Jun/2017:18:49:51 +0000] "GET /styles.css HTTP/1.1" 304 -
::1 - - [26/Jun/2017:18:49:54 +0000] "POST /game HTTP/1.1" 200 897
::1 - - [26/Jun/2017:18:49:54 +0000] "GET /styles.css HTTP/1.1" 304 -
::1 - - [26/Jun/2017:18:49:55 +0000] "POST /game HTTP/1.1" 200 914
::1 - - [26/Jun/2017:18:49:55 +0000] "GET /styles.css HTTP/1.1" 304 -
::1 - - [26/Jun/2017:18:49:56 +0000] "POST /game HTTP/1.1" 200 931
::1 - - [26/Jun/2017:18:49:56 +0000] "GET /styles.css HTTP/1.1" 304 -
::1 - - [26/Jun/2017:18:49:56 +0000] "POST /game HTTP/1.1" 200 948
::1 - - [26/Jun/2017:18:49:56 +0000] "GET /styles.css HTTP/1.1" 304 -
::1 - - [26/Jun/2017:18:49:58 +0000] "GET /game HTTP/1.1" 200 948
::1 - - [26/Jun/2017:18:49:58 +0000] "GET /styles.css HTTP/1.1" 304 -
::1 - - [26/Jun/2017:18:50:02 +0000] "GET /win HTTP/1.1" 302 46
::1 - - [26/Jun/2017:18:50:02 +0000] "GET / HTTP/1.1" 200 948
::1 - - [26/Jun/2017:18:50:02 +0000] "GET /styles.css HTTP/1.1" 304 -
::1 - - [26/Jun/2017:18:50:08 +0000] "GET /win HTTP/1.1" 302 46
::1 - - [26/Jun/2017:18:50:08 +0000] "GET / HTTP/1.1" 304 -
::1 - - [26/Jun/2017:18:50:08 +0000] "GET /styles.css HTTP/1.1" 304 -
::1 - - [26/Jun/2017:18:50:13 +0000] "GET /winners HTTP/1.1" 302 46
::1 - - [26/Jun/2017:18:50:13 +0000] "GET / HTTP/1.1" 304 -
::1 - - [26/Jun/2017:18:50:13 +0000] "GET /styles.css HTTP/1.1" 304 -
::1 - - [26/Jun/2017:18:50:17 +0000] "GET /lost HTTP/1.1" 404 143
::1 - - [26/Jun/2017:18:50:26 +0000] "GET / HTTP/1.1" 304 -
::1 - - [26/Jun/2017:18:50:26 +0000] "GET /styles.css HTTP/1.1" 304 -
::1 - - [26/Jun/2017:18:50:28 +0000] "POST /game HTTP/1.1" 302 52
::1 - - [26/Jun/2017:18:50:28 +0000] "GET /win HTTP/1.1" 200 776
::1 - - [26/Jun/2017:18:50:28 +0000] "GET /styles.css HTTP/1.1" 304 -
::1 - - [26/Jun/2017:18:50:32 +0000] "POST /win HTTP/1.1" 200 818
::1 - - [26/Jun/2017:18:50:32 +0000] "GET /styles.css HTTP/1.1" 304 -
::1 - - [26/Jun/2017:18:50:51 +0000] "POST /reset HTTP/1.1" 302 46
::1 - - [26/Jun/2017:18:50:51 +0000] "GET / HTTP/1.1" 200 736
::1 - - [26/Jun/2017:18:50:51 +0000] "GET /styles.css HTTP/1.1" 304 -
::1 - - [26/Jun/2017:18:50:53 +0000] "POST / HTTP/1.1" 200 854
::1 - - [26/Jun/2017:18:50:53 +0000] "GET /styles.css HTTP/1.1" 304 -
::1 - - [26/Jun/2017:18:50:55 +0000] "POST /game HTTP/1.1" 200 876
::1 - - [26/Jun/2017:18:50:55 +0000] "GET /styles.css HTTP/1.1" 304 -
::1 - - [26/Jun/2017:18:50:57 +0000] "POST /game HTTP/1.1" 200 876
::1 - - [26/Jun/2017:18:50:57 +0000] "GET /styles.css HTTP/1.1" 304 -
::1 - - [26/Jun/2017:18:50:59 +0000] "POST /game HTTP/1.1" 200 871
::1 - - [26/Jun/2017:18:50:59 +0000] "GET /styles.css HTTP/1.1" 304 -
