::1 - - [26/Jun/2017:18:46:12 +0000] "GET / HTTP/1.1" 200 736
::1 - - [26/Jun/2017:18:46:12 +0000] "GET /styles.css HTTP/1.1" 304 -
::1 - - [26/Jun/2017:18:46:15 +0000] "POST / HTTP/1.1" 200 867
::1 - - [26/Jun/2017:18:46:15 +0000] "GET /styles.css HTTP/1.1" 304 -
::1 - - [26/Jun/2017:18:46:17 +0000] "POST /game HTTP/1.1" 200 884
::1 - - [26/Jun/2017:18:46:17 +0000] "GET /styles.css HTTP/1.1" 304 -
::1 - - [26/Jun/2017:18:46:18 +0000] "POST /game HTTP/1.1" 200 901
::1 - - [26/Jun/2017:18:46:18 +0000] "GET /styles.css HTTP/1.1" 304 -
::1 - - [26/Jun/2017:18:46:19 +0000] "POST /game HTTP/1.1" 200 918
::1 - - [26/Jun/2017:18:46:19 +0000] "GET /styles.css HTTP/1.1" 304 -
::1 - - [26/Jun/2017:18:46:19 +0000] "POST /game HTTP/1.1" 200 935
::1 - - [26/Jun/2017:18:46:19 +0000] "GET /styles.css HTTP/1.1" 304 -
::1 - - [26/Jun/2017:18:46:20 +0000] "POST /game HTTP/1.1" 200 952
::1 - - [26/Jun/2017:18:46:20 +0000] "GET /styles.css HTTP/1.1" 304 -
::1 - - [26/Jun/2017:18:46:21 +0000] "POST /game HTTP/1.1" 200 969
::1 - - [26/Jun/2017:18:46:21 +0000] "GET /styles.css HTTP/1.1" 304 -
::1 - - [26/Jun/2017:18:46:22 +0000] "POST /game HTTP/1.1" 302 52
::1 - - [26/Jun/2017:18:46:22 +0000] "GET /win HTTP/1.1" 304 -
::1 - - [26/Jun/2017:18:46:22 +0000] "GET /styles.css HTTP/1.1" 304 -
::1 - - [26/Jun/2017:18:46:24 +0000] "POST /win HTTP/1.1" 500 1369
