::1 - - [26/Jun/2017:18:46:57 +0000] "GET / HTTP/1.1" 200 736
::1 - - [26/Jun/2017:18:46:57 +0000] "GET /styles.css HTTP/1.1" 304 -
::1 - - [26/Jun/2017:18:47:00 +0000] "POST / HTTP/1.1" 200 880
::1 - - [26/Jun/2017:18:47:00 +0000] "GET /styles.css HTTP/1.1" 304 -
::1 - - [26/Jun/2017:18:47:02 +0000] "POST /game HTTP/1.1" 200 897
::1 - - [26/Jun/2017:18:47:02 +0000] "GET /styles.css HTTP/1.1" 304 -
::1 - - [26/Jun/2017:18:47:03 +0000] "POST /game HTTP/1.1" 200 914
::1 - - [26/Jun/2017:18:47:03 +0000] "GET /styles.css HTTP/1.1" 304 -
::1 - - [26/Jun/2017:18:47:03 +0000] "POST /game HTTP/1.1" 200 931
::1 - - [26/Jun/2017:18:47:03 +0000] "GET /styles.css HTTP/1.1" 304 -
::1 - - [26/Jun/2017:18:47:04 +0000] "POST /game HTTP/1.1" 200 948
::1 - - [26/Jun/2017:18:47:04 +0000] "GET /styles.css HTTP/1.1" 304 -
::1 - - [26/Jun/2017:18:47:04 +0000] "POST /game HTTP/1.1" 200 965
::1 - - [26/Jun/2017:18:47:04 +0000] "GET /styles.css HTTP/1.1" 304 -
::1 - - [26/Jun/2017:18:47:05 +0000] "POST /game HTTP/1.1" 302 52
::1 - - [26/Jun/2017:18:47:05 +0000] "GET /win HTTP/1.1" 304 -
::1 - - [26/Jun/2017:18:47:05 +0000] "GET /styles.css HTTP/1.1" 304 -
::1 - - [26/Jun/2017:18:47:08 +0000] "POST /win HTTP/1.1" 200 1702
::1 - - [26/Jun/2017:18:47:08 +0000] "GET /styles.css HTTP/1.1" 304 -
::1 - - [26/Jun/2017:18:47:17 +0000] "POST /reset HTTP/1.1" 302 46
::1 - - [26/Jun/2017:18:47:17 +0000] "GET / HTTP/1.1" 200 736
::1 - - [26/Jun/2017:18:47:17 +0000] "GET /styles.css HTTP/1.1" 304 -
::1 - - [26/Jun/2017:18:47:20 +0000] "POST / HTTP/1.1" 200 906
::1 - - [26/Jun/2017:18:47:20 +0000] "GET /styles.css HTTP/1.1" 304 -
::1 - - [26/Jun/2017:18:47:21 +0000] "POST /game HTTP/1.1" 200 923
::1 - - [26/Jun/2017:18:47:21 +0000] "GET /styles.css HTTP/1.1" 304 -
::1 - - [26/Jun/2017:18:47:22 +0000] "POST /game HTTP/1.1" 200 940
::1 - - [26/Jun/2017:18:47:22 +0000] "GET /styles.css HTTP/1.1" 304 -
::1 - - [26/Jun/2017:18:47:22 +0000] "POST /game HTTP/1.1" 200 957
::1 - - [26/Jun/2017:18:47:22 +0000] "GET /styles.css HTTP/1.1" 304 -
::1 - - [26/Jun/2017:18:47:23 +0000] "POST /game HTTP/1.1" 200 974
::1 - - [26/Jun/2017:18:47:23 +0000] "GET /styles.css HTTP/1.1" 304 -
::1 - - [26/Jun/2017:18:47:24 +0000] "POST /game HTTP/1.1" 200 991
::1 - - [26/Jun/2017:18:47:24 +0000] "GET /styles.css HTTP/1.1" 304 -
::1 - - [26/Jun/2017:18:47:25 +0000] "POST /game HTTP/1.1" 200 1008
::1 - - [26/Jun/2017:18:47:25 +0000] "GET /styles.css HTTP/1.1" 304 -
::1 - - [26/Jun/2017:18:47:25 +0000] "POST /game HTTP/1.1" 200 1025
::1 - - [26/Jun/2017:18:47:25 +0000] "GET /styles.css HTTP/1.1" 304 -
::1 - - [26/Jun/2017:18:47:26 +0000] "POST /game HTTP/1.1" 200 1042
::1 - - [26/Jun/2017:18:47:26 +0000] "GET /styles.css HTTP/1.1" 304 -
::1 - - [26/Jun/2017:18:47:27 +0000] "POST /game HTTP/1.1" 200 1059
::1 - - [26/Jun/2017:18:47:27 +0000] "GET /styles.css HTTP/1.1" 304 -
::1 - - [26/Jun/2017:18:47:27 +0000] "POST /game HTTP/1.1" 200 1076
::1 - - [26/Jun/2017:18:47:27 +0000] "GET /styles.css HTTP/1.1" 304 -
::1 - - [26/Jun/2017:18:47:29 +0000] "POST /game HTTP/1.1" 200 1093
::1 - - [26/Jun/2017:18:47:29 +0000] "GET /styles.css HTTP/1.1" 304 -
