::1 - - [26/Jun/2017:18:48:28 +0000] "GET / HTTP/1.1" 200 736
::1 - - [26/Jun/2017:18:48:28 +0000] "GET /styles.css HTTP/1.1" 304 -
::1 - - [26/Jun/2017:18:48:32 +0000] "POST / HTTP/1.1" 200 841
::1 - - [26/Jun/2017:18:48:32 +0000] "GET /styles.css HTTP/1.1" 304 -
::1 - - [26/Jun/2017:18:48:34 +0000] "POST /game HTTP/1.1" 200 858
::1 - - [26/Jun/2017:18:48:34 +0000] "GET /styles.css HTTP/1.1" 304 -
::1 - - [26/Jun/2017:18:48:35 +0000] "POST /game HTTP/1.1" 200 875
::1 - - [26/Jun/2017:18:48:35 +0000] "GET /styles.css HTTP/1.1" 304 -
::1 - - [26/Jun/2017:18:48:35 +0000] "POST /game HTTP/1.1" 200 892
::1 - - [26/Jun/2017:18:48:35 +0000] "GET /styles.css HTTP/1.1" 304 -
::1 - - [26/Jun/2017:18:48:39 +0000] "POST /game HTTP/1.1" 200 909
::1 - - [26/Jun/2017:18:48:39 +0000] "GET /styles.css HTTP/1.1" 304 -
::1 - - [26/Jun/2017:18:48:40 +0000] "POST /game HTTP/1.1" 200 926
::1 - - [26/Jun/2017:18:48:40 +0000] "GET /styles.css HTTP/1.1" 304 -
::1 - - [26/Jun/2017:18:48:40 +0000] "POST /game HTTP/1.1" 200 943
::1 - - [26/Jun/2017:18:48:40 +0000] "GET /styles.css HTTP/1.1" 304 -
::1 - - [26/Jun/2017:18:48:40 +0000] "POST /game HTTP/1.1" 200 960
::1 - - [26/Jun/2017:18:48:40 +0000] "GET /styles.css HTTP/1.1" 304 -
::1 - - [26/Jun/2017:18:48:43 +0000] "POST /game HTTP/1.1" 200 977
::1 - - [26/Jun/2017:18:48:43 +0000] "GET /styles.css HTTP/1.1" 304 -
::1 - - [26/Jun/2017:18:48:44 +0000] "POST /game HTTP/1.1" 200 994
::1 - - [26/Jun/2017:18:48:44 +0000] "GET /styles.css HTTP/1.1" 304 -
::1 - - [26/Jun/2017:18:48:45 +0000] "POST /game HTTP/1.1" 200 1011
::1 - - [26/Jun/2017:18:48:45 +0000] "GET /styles.css HTTP/1.1" 304 -
::1 - - [26/Jun/2017:18:48:46 +0000] "POST /game HTTP/1.1" 200 495
::1 - - [26/Jun/2017:18:48:46 +0000] "GET /styles.css HTTP/1.1" 304 -
::1 - - [26/Jun/2017:18:48:48 +0000] "POST /reset HTTP/1.1" 302 46
::1 - - [26/Jun/2017:18:48:48 +0000] "GET / HTTP/1.1" 200 736
::1 - - [26/Jun/2017:18:48:48 +0000] "GET /styles.css HTTP/1.1" 304 -
