::1 - - [27/Jun/2017:18:27:26 +0000] "GET / HTTP/1.1" 200 736
::1 - - [27/Jun/2017:18:27:26 +0000] "GET /styles.css HTTP/1.1" 304 -
::1 - - [27/Jun/2017:18:27:32 +0000] "POST / HTTP/1.1" 200 906
::1 - - [27/Jun/2017:18:27:32 +0000] "GET /styles.css HTTP/1.1" 304 -
::1 - - [27/Jun/2017:18:27:35 +0000] "POST /game HTTP/1.1" 200 923
::1 - - [27/Jun/2017:18:27:35 +0000] "GET /styles.css HTTP/1.1" 304 -
::1 - - [27/Jun/2017:18:27:36 +0000] "POST /game HTTP/1.1" 200 940
::1 - - [27/Jun/2017:18:27:36 +0000] "GET /styles.css HTTP/1.1" 304 -
::1 - - [27/Jun/2017:18:27:37 +0000] "POST /game HTTP/1.1" 200 957
::1 - - [27/Jun/2017:18:27:37 +0000] "GET /styles.css HTTP/1.1" 304 -
::1 - - [27/Jun/2017:18:27:38 +0000] "POST /game HTTP/1.1" 200 974
::1 - - [27/Jun/2017:18:27:38 +0000] "GET /styles.css HTTP/1.1" 304 -
::1 - - [27/Jun/2017:18:27:39 +0000] "POST /game HTTP/1.1" 200 996
::1 - - [27/Jun/2017:18:27:39 +0000] "GET /styles.css HTTP/1.1" 304 -
::1 - - [27/Jun/2017:18:27:41 +0000] "POST /game HTTP/1.1" 200 991
::1 - - [27/Jun/2017:18:27:41 +0000] "GET /styles.css HTTP/1.1" 304 -
::1 - - [27/Jun/2017:18:27:43 +0000] "POST /game HTTP/1.1" 200 1013
::1 - - [27/Jun/2017:18:27:43 +0000] "GET /styles.css HTTP/1.1" 304 -
::1 - - [27/Jun/2017:18:27:45 +0000] "POST /game HTTP/1.1" 200 1013
::1 - - [27/Jun/2017:18:27:45 +0000] "GET /styles.css HTTP/1.1" 304 -
::1 - - [27/Jun/2017:18:27:47 +0000] "POST /game HTTP/1.1" 200 1008
::1 - - [27/Jun/2017:18:27:47 +0000] "GET /styles.css HTTP/1.1" 304 -
::1 - - [27/Jun/2017:18:27:48 +0000] "POST /game HTTP/1.1" 200 1025
::1 - - [27/Jun/2017:18:27:48 +0000] "GET /styles.css HTTP/1.1" 304 -
::1 - - [27/Jun/2017:18:27:49 +0000] "POST /game HTTP/1.1" 302 52
::1 - - [27/Jun/2017:18:27:49 +0000] "GET /win HTTP/1.1" 200 776
::1 - - [27/Jun/2017:18:27:49 +0000] "GET /styles.css HTTP/1.1" 304 -
::1 - - [27/Jun/2017:18:27:52 +0000] "POST /win HTTP/1.1" 200 818
::1 - - [27/Jun/2017:18:27:52 +0000] "GET /styles.css HTTP/1.1" 304 -
::1 - - [27/Jun/2017:18:27:54 +0000] "POST /reset HTTP/1.1" 302 46
::1 - - [27/Jun/2017:18:27:54 +0000] "GET / HTTP/1.1" 200 736
::1 - - [27/Jun/2017:18:27:54 +0000] "GET /styles.css HTTP/1.1" 304 -
::1 - - [27/Jun/2017:18:27:56 +0000] "POST / HTTP/1.1" 200 841
::1 - - [27/Jun/2017:18:27:56 +0000] "GET /styles.css HTTP/1.1" 304 -
::1 - - [27/Jun/2017:18:27:58 +0000] "POST /game HTTP/1.1" 200 858
::1 - - [27/Jun/2017:18:27:58 +0000] "GET /styles.css HTTP/1.1" 304 -
::1 - - [27/Jun/2017:18:27:59 +0000] "POST /game HTTP/1.1" 200 875
::1 - - [27/Jun/2017:18:27:59 +0000] "GET /styles.css HTTP/1.1" 304 -
::1 - - [27/Jun/2017:18:27:59 +0000] "POST /game HTTP/1.1" 200 892
::1 - - [27/Jun/2017:18:28:00 +0000] "GET /styles.css HTTP/1.1" 304 -
::1 - - [27/Jun/2017:18:28:00 +0000] "POST /game HTTP/1.1" 200 909
::1 - - [27/Jun/2017:18:28:00 +0000] "GET /styles.css HTTP/1.1" 304 -
::1 - - [27/Jun/2017:18:28:01 +0000] "POST /game HTTP/1.1" 302 52
::1 - - [27/Jun/2017:18:28:01 +0000] "GET /win HTTP/1.1" 200 776
::1 - - [27/Jun/2017:18:28:01 +0000] "GET /styles.css HTTP/1.1" 304 -
::1 - - [27/Jun/2017:18:28:04 +0000] "POST /reset HTTP/1.1" 302 46
::1 - - [27/Jun/2017:18:28:04 +0000] "GET / HTTP/1.1" 200 736
::1 - - [27/Jun/2017:18:28:04 +0000] "GET /styles.css HTTP/1.1" 304 -
::1 - - [27/Jun/2017:18:28:07 +0000] "POST / HTTP/1.1" 200 880
::1 - - [27/Jun/2017:18:28:07 +0000] "GET /styles.css HTTP/1.1" 304 -
::1 - - [27/Jun/2017:18:28:08 +0000] "POST /game HTTP/1.1" 200 897
::1 - - [27/Jun/2017:18:28:08 +0000] "GET /styles.css HTTP/1.1" 304 -
::1 - - [27/Jun/2017:18:28:08 +0000] "POST /game HTTP/1.1" 200 914
::1 - - [27/Jun/2017:18:28:08 +0000] "GET /styles.css HTTP/1.1" 304 -
::1 - - [27/Jun/2017:18:28:09 +0000] "POST /game HTTP/1.1" 200 931
::1 - - [27/Jun/2017:18:28:09 +0000] "GET /styles.css HTTP/1.1" 304 -
::1 - - [27/Jun/2017:18:28:10 +0000] "POST /game HTTP/1.1" 200 948
::1 - - [27/Jun/2017:18:28:10 +0000] "GET /styles.css HTTP/1.1" 304 -
::1 - - [27/Jun/2017:18:28:10 +0000] "POST /game HTTP/1.1" 200 965
::1 - - [27/Jun/2017:18:28:10 +0000] "GET /styles.css HTTP/1.1" 304 -
::1 - - [27/Jun/2017:18:28:11 +0000] "POST /game HTTP/1.1" 302 52
::1 - - [27/Jun/2017:18:28:11 +0000] "GET /win HTTP/1.1" 304 -
::1 - - [27/Jun/2017:18:28:11 +0000] "GET /styles.css HTTP/1.1" 304 -
::1 - - [27/Jun/2017:18:28:14 +0000] "POST /win HTTP/1.1" 200 818
::1 - - [27/Jun/2017:18:28:14 +0000] "GET /styles.css HTTP/1.1" 304 -
::1 - - [27/Jun/2017:18:28:15 +0000] "POST /reset HTTP/1.1" 302 46
::1 - - [27/Jun/2017:18:28:15 +0000] "GET / HTTP/1.1" 200 736
::1 - - [27/Jun/2017:18:28:15 +0000] "GET /styles.css HTTP/1.1" 304 -
::1 - - [27/Jun/2017:18:28:18 +0000] "POST / HTTP/1.1" 200 867
::1 - - [27/Jun/2017:18:28:18 +0000] "GET /styles.css HTTP/1.1" 304 -
::1 - - [27/Jun/2017:18:28:21 +0000] "POST /game HTTP/1.1" 200 884
::1 - - [27/Jun/2017:18:28:21 +0000] "GET /styles.css HTTP/1.1" 304 -
::1 - - [27/Jun/2017:18:28:22 +0000] "POST /game HTTP/1.1" 200 901
::1 - - [27/Jun/2017:18:28:22 +0000] "GET /styles.css HTTP/1.1" 304 -
::1 - - [27/Jun/2017:18:28:23 +0000] "POST /game HTTP/1.1" 200 918
::1 - - [27/Jun/2017:18:28:23 +0000] "GET /styles.css HTTP/1.1" 304 -
::1 - - [27/Jun/2017:18:28:25 +0000] "POST /game HTTP/1.1" 200 935
::1 - - [27/Jun/2017:18:28:25 +0000] "GET /styles.css HTTP/1.1" 304 -
::1 - - [27/Jun/2017:18:28:25 +0000] "POST /game HTTP/1.1" 200 952
::1 - - [27/Jun/2017:18:28:25 +0000] "GET /styles.css HTTP/1.1" 304 -
::1 - - [27/Jun/2017:18:28:26 +0000] "POST /game HTTP/1.1" 200 969
::1 - - [27/Jun/2017:18:28:26 +0000] "GET /styles.css HTTP/1.1" 304 -
::1 - - [27/Jun/2017:18:28:27 +0000] "POST /game HTTP/1.1" 200 986
::1 - - [27/Jun/2017:18:28:27 +0000] "GET /styles.css HTTP/1.1" 304 -
::1 - - [27/Jun/2017:18:28:28 +0000] "POST /game HTTP/1.1" 200 497
::1 - - [27/Jun/2017:18:28:28 +0000] "GET /styles.css HTTP/1.1" 304 -
::1 - - [27/Jun/2017:18:28:31 +0000] "POST /reset HTTP/1.1" 302 46
::1 - - [27/Jun/2017:18:28:31 +0000] "GET / HTTP/1.1" 200 736
::1 - - [27/Jun/2017:18:28:31 +0000] "GET /styles.css HTTP/1.1" 304 -
